Analysis & Synthesis report for jarianISA_top
Thu Dec 05 01:03:27 2019
Quartus Prime Version 18.1.0 Build 625 09/12/2018 SJ Lite Edition


---------------------
; Table of Contents ;
---------------------
  1. Legal Notice
  2. Analysis & Synthesis Summary
  3. Analysis & Synthesis Settings
  4. Parallel Compilation
  5. Analysis & Synthesis Source Files Read
  6. Analysis & Synthesis Resource Usage Summary
  7. Analysis & Synthesis Resource Utilization by Entity
  8. Analysis & Synthesis RAM Summary
  9. Analysis & Synthesis IP Cores Summary
 10. State Machine - |jarianISA_top|ALU:comb_4|state
 11. Registers Removed During Synthesis
 12. General Register Statistics
 13. Multiplexer Restructuring Statistics (Restructuring Performed)
 14. Source assignments for ROM:instructionROM|altsyncram:altsyncram_component|altsyncram_ptm1:auto_generated
 15. Parameter Settings for User Entity Instance: div_by_N:comb_3
 16. Parameter Settings for User Entity Instance: ROM:instructionROM|altsyncram:altsyncram_component
 17. Parameter Settings for User Entity Instance: ALU:comb_4
 18. altsyncram Parameter Settings by Entity Instance
 19. Port Connectivity Checks: "ROM:instructionROM"
 20. Port Connectivity Checks: "div_by_N:comb_3"
 21. Post-Synthesis Netlist Statistics for Top Partition
 22. Elapsed Time Per Partition
 23. Analysis & Synthesis Messages
 24. Analysis & Synthesis Suppressed Messages



----------------
; Legal Notice ;
----------------
Copyright (C) 2018  Intel Corporation. All rights reserved.
Your use of Intel Corporation's design tools, logic functions 
and other software and tools, and its AMPP partner logic 
functions, and any output files from any of the foregoing 
(including device programming or simulation files), and any 
associated documentation or information are expressly subject 
to the terms and conditions of the Intel Program License 
Subscription Agreement, the Intel Quartus Prime License Agreement,
the Intel FPGA IP License Agreement, or other applicable license
agreement, including, without limitation, that your use is for
the sole purpose of programming logic devices manufactured by
Intel and sold by Intel or its authorized distributors.  Please
refer to the applicable agreement for further details.



+-------------------------------------------------------------------------------+
; Analysis & Synthesis Summary                                                  ;
+---------------------------------+---------------------------------------------+
; Analysis & Synthesis Status     ; Successful - Thu Dec 05 01:03:27 2019       ;
; Quartus Prime Version           ; 18.1.0 Build 625 09/12/2018 SJ Lite Edition ;
; Revision Name                   ; jarianISA_top                               ;
; Top-level Entity Name           ; jarianISA_top                               ;
; Family                          ; Cyclone V                                   ;
; Logic utilization (in ALMs)     ; N/A                                         ;
; Total registers                 ; 293                                         ;
; Total pins                      ; 53                                          ;
; Total virtual pins              ; 0                                           ;
; Total block memory bits         ; 8,192                                       ;
; Total DSP Blocks                ; 0                                           ;
; Total HSSI RX PCSs              ; 0                                           ;
; Total HSSI PMA RX Deserializers ; 0                                           ;
; Total HSSI TX PCSs              ; 0                                           ;
; Total HSSI PMA TX Serializers   ; 0                                           ;
; Total PLLs                      ; 0                                           ;
; Total DLLs                      ; 0                                           ;
+---------------------------------+---------------------------------------------+


+---------------------------------------------------------------------------------------------------------------------------+
; Analysis & Synthesis Settings                                                                                             ;
+---------------------------------------------------------------------------------+--------------------+--------------------+
; Option                                                                          ; Setting            ; Default Value      ;
+---------------------------------------------------------------------------------+--------------------+--------------------+
; Device                                                                          ; 5CSEMA5F31C6       ;                    ;
; Top-level entity name                                                           ; jarianISA_top      ; jarianISA_top      ;
; Family name                                                                     ; Cyclone V          ; Cyclone V          ;
; Use smart compilation                                                           ; Off                ; Off                ;
; Enable parallel Assembler and Timing Analyzer during compilation                ; On                 ; On                 ;
; Enable compact report table                                                     ; Off                ; Off                ;
; Restructure Multiplexers                                                        ; Auto               ; Auto               ;
; MLAB Add Timing Constraints For Mixed-Port Feed-Through Mode Setting Don't Care ; Off                ; Off                ;
; Create Debugging Nodes for IP Cores                                             ; Off                ; Off                ;
; Preserve fewer node names                                                       ; On                 ; On                 ;
; Intel FPGA IP Evaluation Mode                                                   ; Enable             ; Enable             ;
; Verilog Version                                                                 ; Verilog_2001       ; Verilog_2001       ;
; VHDL Version                                                                    ; VHDL_1993          ; VHDL_1993          ;
; State Machine Processing                                                        ; Auto               ; Auto               ;
; Safe State Machine                                                              ; Off                ; Off                ;
; Extract Verilog State Machines                                                  ; On                 ; On                 ;
; Extract VHDL State Machines                                                     ; On                 ; On                 ;
; Ignore Verilog initial constructs                                               ; Off                ; Off                ;
; Iteration limit for constant Verilog loops                                      ; 5000               ; 5000               ;
; Iteration limit for non-constant Verilog loops                                  ; 250                ; 250                ;
; Add Pass-Through Logic to Inferred RAMs                                         ; On                 ; On                 ;
; Infer RAMs from Raw Logic                                                       ; On                 ; On                 ;
; Parallel Synthesis                                                              ; On                 ; On                 ;
; DSP Block Balancing                                                             ; Auto               ; Auto               ;
; NOT Gate Push-Back                                                              ; On                 ; On                 ;
; Power-Up Don't Care                                                             ; On                 ; On                 ;
; Remove Redundant Logic Cells                                                    ; Off                ; Off                ;
; Remove Duplicate Registers                                                      ; On                 ; On                 ;
; Ignore CARRY Buffers                                                            ; Off                ; Off                ;
; Ignore CASCADE Buffers                                                          ; Off                ; Off                ;
; Ignore GLOBAL Buffers                                                           ; Off                ; Off                ;
; Ignore ROW GLOBAL Buffers                                                       ; Off                ; Off                ;
; Ignore LCELL Buffers                                                            ; Off                ; Off                ;
; Ignore SOFT Buffers                                                             ; On                 ; On                 ;
; Limit AHDL Integers to 32 Bits                                                  ; Off                ; Off                ;
; Optimization Technique                                                          ; Balanced           ; Balanced           ;
; Carry Chain Length                                                              ; 70                 ; 70                 ;
; Auto Carry Chains                                                               ; On                 ; On                 ;
; Auto Open-Drain Pins                                                            ; On                 ; On                 ;
; Perform WYSIWYG Primitive Resynthesis                                           ; Off                ; Off                ;
; Auto ROM Replacement                                                            ; On                 ; On                 ;
; Auto RAM Replacement                                                            ; On                 ; On                 ;
; Auto DSP Block Replacement                                                      ; On                 ; On                 ;
; Auto Shift Register Replacement                                                 ; Auto               ; Auto               ;
; Allow Shift Register Merging across Hierarchies                                 ; Auto               ; Auto               ;
; Auto Clock Enable Replacement                                                   ; On                 ; On                 ;
; Strict RAM Replacement                                                          ; Off                ; Off                ;
; Allow Synchronous Control Signals                                               ; On                 ; On                 ;
; Force Use of Synchronous Clear Signals                                          ; Off                ; Off                ;
; Auto Resource Sharing                                                           ; Off                ; Off                ;
; Allow Any RAM Size For Recognition                                              ; Off                ; Off                ;
; Allow Any ROM Size For Recognition                                              ; Off                ; Off                ;
; Allow Any Shift Register Size For Recognition                                   ; Off                ; Off                ;
; Use LogicLock Constraints during Resource Balancing                             ; On                 ; On                 ;
; Ignore translate_off and synthesis_off directives                               ; Off                ; Off                ;
; Timing-Driven Synthesis                                                         ; On                 ; On                 ;
; Report Parameter Settings                                                       ; On                 ; On                 ;
; Report Source Assignments                                                       ; On                 ; On                 ;
; Report Connectivity Checks                                                      ; On                 ; On                 ;
; Ignore Maximum Fan-Out Assignments                                              ; Off                ; Off                ;
; Synchronization Register Chain Length                                           ; 3                  ; 3                  ;
; Power Optimization During Synthesis                                             ; Normal compilation ; Normal compilation ;
; HDL message level                                                               ; Level2             ; Level2             ;
; Suppress Register Optimization Related Messages                                 ; Off                ; Off                ;
; Number of Removed Registers Reported in Synthesis Report                        ; 5000               ; 5000               ;
; Number of Swept Nodes Reported in Synthesis Report                              ; 5000               ; 5000               ;
; Number of Inverted Registers Reported in Synthesis Report                       ; 100                ; 100                ;
; Clock MUX Protection                                                            ; On                 ; On                 ;
; Auto Gated Clock Conversion                                                     ; Off                ; Off                ;
; Block Design Naming                                                             ; Auto               ; Auto               ;
; SDC constraint protection                                                       ; Off                ; Off                ;
; Synthesis Effort                                                                ; Auto               ; Auto               ;
; Shift Register Replacement - Allow Asynchronous Clear Signal                    ; On                 ; On                 ;
; Pre-Mapping Resynthesis Optimization                                            ; Off                ; Off                ;
; Analysis & Synthesis Message Level                                              ; Medium             ; Medium             ;
; Disable Register Merging Across Hierarchies                                     ; Auto               ; Auto               ;
; Resource Aware Inference For Block RAM                                          ; On                 ; On                 ;
; Automatic Parallel Synthesis                                                    ; On                 ; On                 ;
; Partial Reconfiguration Bitstream ID                                            ; Off                ; Off                ;
+---------------------------------------------------------------------------------+--------------------+--------------------+


+------------------------------------------+
; Parallel Compilation                     ;
+----------------------------+-------------+
; Processors                 ; Number      ;
+----------------------------+-------------+
; Number detected on machine ; 8           ;
; Maximum allowed            ; 4           ;
;                            ;             ;
; Average used               ; 1.00        ;
; Maximum used               ; 4           ;
;                            ;             ;
; Usage by Processor         ; % Time Used ;
;     Processor 1            ; 100.0%      ;
;     Processor 2            ;   0.0%      ;
;     Processor 3            ;   0.0%      ;
;     Processor 4            ;   0.0%      ;
+----------------------------+-------------+


+----------------------------------------------------------------------------------------------------------------------------------------------------------------------------------------------------------------------------------------------------------------------------------------+
; Analysis & Synthesis Source Files Read                                                                                                                                                                                                                                                 ;
+-----------------------------------------------------------------------------------------+-----------------+----------------------------------------+-------------------------------------------------------------------------------------------------------------------------+---------+
; File Name with User-Entered Path                                                        ; Used in Netlist ; File Type                              ; File Name with Absolute Path                                                                                            ; Library ;
+-----------------------------------------------------------------------------------------+-----------------+----------------------------------------+-------------------------------------------------------------------------------------------------------------------------+---------+
; jarianISA_top.v                                                                         ; yes             ; User Verilog HDL File                  ; C:/Users/Adrian/OneDrive - Imperial College London/Second Year/Digital Electronics/Jafadrian ISA/jarianISA_top.v        ;         ;
; alu.v                                                                                   ; yes             ; User Verilog HDL File                  ; C:/Users/Adrian/OneDrive - Imperial College London/Second Year/Digital Electronics/Jafadrian ISA/alu.v                  ;         ;
; ROM.v                                                                                   ; yes             ; User Wizard-Generated File             ; C:/Users/Adrian/OneDrive - Imperial College London/Second Year/Digital Electronics/Jafadrian ISA/ROM.v                  ;         ;
; hex_to_7seg.v                                                                           ; yes             ; User Verilog HDL File                  ; C:/Users/Adrian/OneDrive - Imperial College London/Second Year/Digital Electronics/Jafadrian ISA/hex_to_7seg.v          ;         ;
; div_by_N.v                                                                              ; yes             ; User Verilog HDL File                  ; C:/Users/Adrian/OneDrive - Imperial College London/Second Year/Digital Electronics/Jafadrian ISA/div_by_N.v             ;         ;
; altsyncram.tdf                                                                          ; yes             ; Megafunction                           ; c:/intelfpga_lite/18.1/quartus/libraries/megafunctions/altsyncram.tdf                                                   ;         ;
; stratix_ram_block.inc                                                                   ; yes             ; Megafunction                           ; c:/intelfpga_lite/18.1/quartus/libraries/megafunctions/stratix_ram_block.inc                                            ;         ;
; lpm_mux.inc                                                                             ; yes             ; Megafunction                           ; c:/intelfpga_lite/18.1/quartus/libraries/megafunctions/lpm_mux.inc                                                      ;         ;
; lpm_decode.inc                                                                          ; yes             ; Megafunction                           ; c:/intelfpga_lite/18.1/quartus/libraries/megafunctions/lpm_decode.inc                                                   ;         ;
; aglobal181.inc                                                                          ; yes             ; Megafunction                           ; c:/intelfpga_lite/18.1/quartus/libraries/megafunctions/aglobal181.inc                                                   ;         ;
; a_rdenreg.inc                                                                           ; yes             ; Megafunction                           ; c:/intelfpga_lite/18.1/quartus/libraries/megafunctions/a_rdenreg.inc                                                    ;         ;
; altrom.inc                                                                              ; yes             ; Megafunction                           ; c:/intelfpga_lite/18.1/quartus/libraries/megafunctions/altrom.inc                                                       ;         ;
; altram.inc                                                                              ; yes             ; Megafunction                           ; c:/intelfpga_lite/18.1/quartus/libraries/megafunctions/altram.inc                                                       ;         ;
; altdpram.inc                                                                            ; yes             ; Megafunction                           ; c:/intelfpga_lite/18.1/quartus/libraries/megafunctions/altdpram.inc                                                     ;         ;
; db/altsyncram_ptm1.tdf                                                                  ; yes             ; Auto-Generated Megafunction            ; C:/Users/Adrian/OneDrive - Imperial College London/Second Year/Digital Electronics/Jafadrian ISA/db/altsyncram_ptm1.tdf ;         ;
; ../../../../Desktop/Imperial College/Year 2/JafadrianISA/Jafadrian-ISA/testAssembly.mif ; yes             ; Auto-Found Memory Initialization File  ; C:/Users/Adrian/Desktop/Imperial College/Year 2/JafadrianISA/Jafadrian-ISA/testAssembly.mif                             ;         ;
+-----------------------------------------------------------------------------------------+-----------------+----------------------------------------+-------------------------------------------------------------------------------------------------------------------------+---------+


+------------------------------------------------------------------------+
; Analysis & Synthesis Resource Usage Summary                            ;
+---------------------------------------------+--------------------------+
; Resource                                    ; Usage                    ;
+---------------------------------------------+--------------------------+
; Estimate of Logic utilization (ALMs needed) ; 552                      ;
;                                             ;                          ;
; Combinational ALUT usage for logic          ; 694                      ;
;     -- 7 input functions                    ; 17                       ;
;     -- 6 input functions                    ; 368                      ;
;     -- 5 input functions                    ; 100                      ;
;     -- 4 input functions                    ; 111                      ;
;     -- <=3 input functions                  ; 98                       ;
;                                             ;                          ;
; Dedicated logic registers                   ; 293                      ;
;                                             ;                          ;
; I/O pins                                    ; 53                       ;
; Total MLAB memory bits                      ; 0                        ;
; Total block memory bits                     ; 8192                     ;
;                                             ;                          ;
; Total DSP Blocks                            ; 0                        ;
;                                             ;                          ;
; Maximum fan-out node                        ; div_by_N:comb_3|out_tick ;
; Maximum fan-out                             ; 292                      ;
; Total fan-out                               ; 4819                     ;
; Average fan-out                             ; 4.35                     ;
+---------------------------------------------+--------------------------+


+----------------------------------------------------------------------------------------------------------------------------------------------------------------------------------------------------------------------------------------------------------------------------------------+
; Analysis & Synthesis Resource Utilization by Entity                                                                                                                                                                                                                                    ;
+-------------------------------------------+---------------------+---------------------------+-------------------+------------+------+--------------+--------------------------------------------------------------------------------------------------+-----------------+--------------+
; Compilation Hierarchy Node                ; Combinational ALUTs ; Dedicated Logic Registers ; Block Memory Bits ; DSP Blocks ; Pins ; Virtual Pins ; Full Hierarchy Name                                                                              ; Entity Name     ; Library Name ;
+-------------------------------------------+---------------------+---------------------------+-------------------+------------+------+--------------+--------------------------------------------------------------------------------------------------+-----------------+--------------+
; |jarianISA_top                            ; 694 (0)             ; 293 (0)                   ; 8192              ; 0          ; 53   ; 0            ; |jarianISA_top                                                                                   ; jarianISA_top   ; work         ;
;    |ALU:comb_4|                           ; 646 (646)           ; 276 (276)                 ; 0                 ; 0          ; 0    ; 0            ; |jarianISA_top|ALU:comb_4                                                                        ; ALU             ; work         ;
;    |ROM:instructionROM|                   ; 0 (0)               ; 0 (0)                     ; 8192              ; 0          ; 0    ; 0            ; |jarianISA_top|ROM:instructionROM                                                                ; ROM             ; work         ;
;       |altsyncram:altsyncram_component|   ; 0 (0)               ; 0 (0)                     ; 8192              ; 0          ; 0    ; 0            ; |jarianISA_top|ROM:instructionROM|altsyncram:altsyncram_component                                ; altsyncram      ; work         ;
;          |altsyncram_ptm1:auto_generated| ; 0 (0)               ; 0 (0)                     ; 8192              ; 0          ; 0    ; 0            ; |jarianISA_top|ROM:instructionROM|altsyncram:altsyncram_component|altsyncram_ptm1:auto_generated ; altsyncram_ptm1 ; work         ;
;    |div_by_N:comb_3|                      ; 20 (20)             ; 17 (17)                   ; 0                 ; 0          ; 0    ; 0            ; |jarianISA_top|div_by_N:comb_3                                                                   ; div_by_N        ; work         ;
;    |hex_to_7seg:comb_10|                  ; 7 (7)               ; 0 (0)                     ; 0                 ; 0          ; 0    ; 0            ; |jarianISA_top|hex_to_7seg:comb_10                                                               ; hex_to_7seg     ; work         ;
;    |hex_to_7seg:comb_7|                   ; 7 (7)               ; 0 (0)                     ; 0                 ; 0          ; 0    ; 0            ; |jarianISA_top|hex_to_7seg:comb_7                                                                ; hex_to_7seg     ; work         ;
;    |hex_to_7seg:comb_8|                   ; 7 (7)               ; 0 (0)                     ; 0                 ; 0          ; 0    ; 0            ; |jarianISA_top|hex_to_7seg:comb_8                                                                ; hex_to_7seg     ; work         ;
;    |hex_to_7seg:comb_9|                   ; 7 (7)               ; 0 (0)                     ; 0                 ; 0          ; 0    ; 0            ; |jarianISA_top|hex_to_7seg:comb_9                                                                ; hex_to_7seg     ; work         ;
+-------------------------------------------+---------------------+---------------------------+-------------------+------------+------+--------------+--------------------------------------------------------------------------------------------------+-----------------+--------------+
Note: For table entries with two numbers listed, the numbers in parentheses indicate the number of resources of the given type used by the specific entity alone. The numbers listed outside of parentheses indicate the total resources of the given type used by the specific entity and all of its sub-entities in the hierarchy.


+-------------------------------------------------------------------------------------------------------------------------------------------------------------------------------------------------------------------------------------------------------------------------+
; Analysis & Synthesis RAM Summary                                                                                                                                                                                                                                        ;
+----------------------------------------------------------------------------------------------+------+------+--------------+--------------+--------------+--------------+------+-----------------------------------------------------------------------------------------+
; Name                                                                                         ; Type ; Mode ; Port A Depth ; Port A Width ; Port B Depth ; Port B Width ; Size ; MIF                                                                                     ;
+----------------------------------------------------------------------------------------------+------+------+--------------+--------------+--------------+--------------+------+-----------------------------------------------------------------------------------------+
; ROM:instructionROM|altsyncram:altsyncram_component|altsyncram_ptm1:auto_generated|ALTSYNCRAM ; AUTO ; ROM  ; 512          ; 16           ; --           ; --           ; 8192 ; ../../../../Desktop/Imperial College/Year 2/JafadrianISA/Jafadrian-ISA/testAssembly.mif ;
+----------------------------------------------------------------------------------------------+------+------+--------------+--------------+--------------+--------------+------+-----------------------------------------------------------------------------------------+


+---------------------------------------------------------------------------------------------------------------------+
; Analysis & Synthesis IP Cores Summary                                                                               ;
+--------+--------------+---------+--------------+--------------+-----------------------------------+-----------------+
; Vendor ; IP Core Name ; Version ; Release Date ; License Type ; Entity Instance                   ; IP Include File ;
+--------+--------------+---------+--------------+--------------+-----------------------------------+-----------------+
; Altera ; ROM: 1-PORT  ; 18.1    ; N/A          ; N/A          ; |jarianISA_top|ROM:instructionROM ; ROM.v           ;
+--------+--------------+---------+--------------+--------------+-----------------------------------+-----------------+


Encoding Type:  One-Hot
+----------------------------------------------------+
; State Machine - |jarianISA_top|ALU:comb_4|state    ;
+-------------+-----------+-------------+------------+
; Name        ; state.RUN ; state.INPUT ; state.HOLD ;
+-------------+-----------+-------------+------------+
; state.RUN   ; 0         ; 0           ; 0          ;
; state.HOLD  ; 1         ; 0           ; 1          ;
; state.INPUT ; 1         ; 1           ; 0          ;
+-------------+-----------+-------------+------------+


+-----------------------------------------------------------------------+
; Registers Removed During Synthesis                                    ;
+---------------------------------------+-------------------------------+
; Register name                         ; Reason for Removal            ;
+---------------------------------------+-------------------------------+
; ALU:comb_4|led[1..9]                  ; Merged with ALU:comb_4|led[0] ;
; Total Number of Removed Registers = 9 ;                               ;
+---------------------------------------+-------------------------------+


+------------------------------------------------------+
; General Register Statistics                          ;
+----------------------------------------------+-------+
; Statistic                                    ; Value ;
+----------------------------------------------+-------+
; Total registers                              ; 293   ;
; Number of registers using Synchronous Clear  ; 197   ;
; Number of registers using Synchronous Load   ; 0     ;
; Number of registers using Asynchronous Clear ; 0     ;
; Number of registers using Asynchronous Load  ; 0     ;
; Number of registers using Clock Enable       ; 257   ;
; Number of registers using Preset             ; 0     ;
+----------------------------------------------+-------+


+----------------------------------------------------------------------------------------------------------------------------------------------------------+
; Multiplexer Restructuring Statistics (Restructuring Performed)                                                                                           ;
+--------------------+-----------+---------------+----------------------+------------------------+------------+--------------------------------------------+
; Multiplexer Inputs ; Bus Width ; Baseline Area ; Area if Restructured ; Saving if Restructured ; Registered ; Example Multiplexer Output                 ;
+--------------------+-----------+---------------+----------------------+------------------------+------------+--------------------------------------------+
; 3:1                ; 16 bits   ; 32 LEs        ; 0 LEs                ; 32 LEs                 ; Yes        ; |jarianISA_top|ALU:comb_4|display[3]       ;
; 24:1               ; 16 bits   ; 256 LEs       ; 32 LEs               ; 224 LEs                ; Yes        ; |jarianISA_top|ALU:comb_4|reg_file[15][11] ;
; 26:1               ; 6 bits    ; 102 LEs       ; 36 LEs               ; 66 LEs                 ; Yes        ; |jarianISA_top|ALU:comb_4|reg_file[14][11] ;
; 26:1               ; 6 bits    ; 102 LEs       ; 36 LEs               ; 66 LEs                 ; Yes        ; |jarianISA_top|ALU:comb_4|reg_file[13][11] ;
; 26:1               ; 6 bits    ; 102 LEs       ; 36 LEs               ; 66 LEs                 ; Yes        ; |jarianISA_top|ALU:comb_4|reg_file[12][12] ;
; 26:1               ; 6 bits    ; 102 LEs       ; 36 LEs               ; 66 LEs                 ; Yes        ; |jarianISA_top|ALU:comb_4|reg_file[11][10] ;
; 26:1               ; 6 bits    ; 102 LEs       ; 36 LEs               ; 66 LEs                 ; Yes        ; |jarianISA_top|ALU:comb_4|reg_file[10][14] ;
; 26:1               ; 6 bits    ; 102 LEs       ; 36 LEs               ; 66 LEs                 ; Yes        ; |jarianISA_top|ALU:comb_4|reg_file[9][14]  ;
; 26:1               ; 6 bits    ; 102 LEs       ; 36 LEs               ; 66 LEs                 ; Yes        ; |jarianISA_top|ALU:comb_4|reg_file[8][13]  ;
; 26:1               ; 6 bits    ; 102 LEs       ; 36 LEs               ; 66 LEs                 ; Yes        ; |jarianISA_top|ALU:comb_4|reg_file[7][14]  ;
; 26:1               ; 6 bits    ; 102 LEs       ; 36 LEs               ; 66 LEs                 ; Yes        ; |jarianISA_top|ALU:comb_4|reg_file[6][12]  ;
; 26:1               ; 6 bits    ; 102 LEs       ; 36 LEs               ; 66 LEs                 ; Yes        ; |jarianISA_top|ALU:comb_4|reg_file[5][12]  ;
; 26:1               ; 6 bits    ; 102 LEs       ; 36 LEs               ; 66 LEs                 ; Yes        ; |jarianISA_top|ALU:comb_4|reg_file[4][10]  ;
; 26:1               ; 6 bits    ; 102 LEs       ; 36 LEs               ; 66 LEs                 ; Yes        ; |jarianISA_top|ALU:comb_4|reg_file[3][11]  ;
; 26:1               ; 6 bits    ; 102 LEs       ; 36 LEs               ; 66 LEs                 ; Yes        ; |jarianISA_top|ALU:comb_4|reg_file[2][10]  ;
; 26:1               ; 6 bits    ; 102 LEs       ; 36 LEs               ; 66 LEs                 ; Yes        ; |jarianISA_top|ALU:comb_4|reg_file[1][10]  ;
; 26:1               ; 6 bits    ; 102 LEs       ; 36 LEs               ; 66 LEs                 ; Yes        ; |jarianISA_top|ALU:comb_4|reg_file[0][12]  ;
; 27:1               ; 2 bits    ; 36 LEs        ; 12 LEs               ; 24 LEs                 ; Yes        ; |jarianISA_top|ALU:comb_4|reg_file[0][9]   ;
; 27:1               ; 7 bits    ; 126 LEs       ; 42 LEs               ; 84 LEs                 ; Yes        ; |jarianISA_top|ALU:comb_4|reg_file[0][6]   ;
; 27:1               ; 2 bits    ; 36 LEs        ; 12 LEs               ; 24 LEs                 ; Yes        ; |jarianISA_top|ALU:comb_4|reg_file[1][8]   ;
; 27:1               ; 7 bits    ; 126 LEs       ; 42 LEs               ; 84 LEs                 ; Yes        ; |jarianISA_top|ALU:comb_4|reg_file[1][7]   ;
; 27:1               ; 2 bits    ; 36 LEs        ; 12 LEs               ; 24 LEs                 ; Yes        ; |jarianISA_top|ALU:comb_4|reg_file[2][8]   ;
; 27:1               ; 7 bits    ; 126 LEs       ; 42 LEs               ; 84 LEs                 ; Yes        ; |jarianISA_top|ALU:comb_4|reg_file[2][7]   ;
; 27:1               ; 2 bits    ; 36 LEs        ; 12 LEs               ; 24 LEs                 ; Yes        ; |jarianISA_top|ALU:comb_4|reg_file[3][9]   ;
; 27:1               ; 7 bits    ; 126 LEs       ; 42 LEs               ; 84 LEs                 ; Yes        ; |jarianISA_top|ALU:comb_4|reg_file[3][2]   ;
; 27:1               ; 2 bits    ; 36 LEs        ; 12 LEs               ; 24 LEs                 ; Yes        ; |jarianISA_top|ALU:comb_4|reg_file[4][9]   ;
; 27:1               ; 7 bits    ; 126 LEs       ; 42 LEs               ; 84 LEs                 ; Yes        ; |jarianISA_top|ALU:comb_4|reg_file[4][4]   ;
; 27:1               ; 2 bits    ; 36 LEs        ; 12 LEs               ; 24 LEs                 ; Yes        ; |jarianISA_top|ALU:comb_4|reg_file[5][8]   ;
; 27:1               ; 7 bits    ; 126 LEs       ; 42 LEs               ; 84 LEs                 ; Yes        ; |jarianISA_top|ALU:comb_4|reg_file[5][4]   ;
; 27:1               ; 2 bits    ; 36 LEs        ; 12 LEs               ; 24 LEs                 ; Yes        ; |jarianISA_top|ALU:comb_4|reg_file[6][9]   ;
; 27:1               ; 7 bits    ; 126 LEs       ; 42 LEs               ; 84 LEs                 ; Yes        ; |jarianISA_top|ALU:comb_4|reg_file[6][7]   ;
; 27:1               ; 2 bits    ; 36 LEs        ; 12 LEs               ; 24 LEs                 ; Yes        ; |jarianISA_top|ALU:comb_4|reg_file[7][8]   ;
; 27:1               ; 7 bits    ; 126 LEs       ; 42 LEs               ; 84 LEs                 ; Yes        ; |jarianISA_top|ALU:comb_4|reg_file[7][1]   ;
; 27:1               ; 2 bits    ; 36 LEs        ; 12 LEs               ; 24 LEs                 ; Yes        ; |jarianISA_top|ALU:comb_4|reg_file[8][8]   ;
; 27:1               ; 7 bits    ; 126 LEs       ; 42 LEs               ; 84 LEs                 ; Yes        ; |jarianISA_top|ALU:comb_4|reg_file[8][3]   ;
; 27:1               ; 2 bits    ; 36 LEs        ; 12 LEs               ; 24 LEs                 ; Yes        ; |jarianISA_top|ALU:comb_4|reg_file[9][9]   ;
; 27:1               ; 7 bits    ; 126 LEs       ; 42 LEs               ; 84 LEs                 ; Yes        ; |jarianISA_top|ALU:comb_4|reg_file[9][6]   ;
; 27:1               ; 2 bits    ; 36 LEs        ; 12 LEs               ; 24 LEs                 ; Yes        ; |jarianISA_top|ALU:comb_4|reg_file[10][8]  ;
; 27:1               ; 7 bits    ; 126 LEs       ; 42 LEs               ; 84 LEs                 ; Yes        ; |jarianISA_top|ALU:comb_4|reg_file[10][7]  ;
; 27:1               ; 2 bits    ; 36 LEs        ; 12 LEs               ; 24 LEs                 ; Yes        ; |jarianISA_top|ALU:comb_4|reg_file[11][8]  ;
; 27:1               ; 7 bits    ; 126 LEs       ; 42 LEs               ; 84 LEs                 ; Yes        ; |jarianISA_top|ALU:comb_4|reg_file[11][2]  ;
; 27:1               ; 2 bits    ; 36 LEs        ; 12 LEs               ; 24 LEs                 ; Yes        ; |jarianISA_top|ALU:comb_4|reg_file[12][9]  ;
; 27:1               ; 7 bits    ; 126 LEs       ; 42 LEs               ; 84 LEs                 ; Yes        ; |jarianISA_top|ALU:comb_4|reg_file[12][2]  ;
; 27:1               ; 2 bits    ; 36 LEs        ; 12 LEs               ; 24 LEs                 ; Yes        ; |jarianISA_top|ALU:comb_4|reg_file[13][8]  ;
; 27:1               ; 7 bits    ; 126 LEs       ; 42 LEs               ; 84 LEs                 ; Yes        ; |jarianISA_top|ALU:comb_4|reg_file[13][2]  ;
; 27:1               ; 2 bits    ; 36 LEs        ; 12 LEs               ; 24 LEs                 ; Yes        ; |jarianISA_top|ALU:comb_4|reg_file[14][8]  ;
; 27:1               ; 7 bits    ; 126 LEs       ; 42 LEs               ; 84 LEs                 ; Yes        ; |jarianISA_top|ALU:comb_4|reg_file[14][2]  ;
; 4:1                ; 2 bits    ; 4 LEs         ; 4 LEs                ; 0 LEs                  ; No         ; |jarianISA_top|ALU:comb_4|ShiftLeft0       ;
; 4:1                ; 2 bits    ; 4 LEs         ; 4 LEs                ; 0 LEs                  ; No         ; |jarianISA_top|ALU:comb_4|ShiftLeft0       ;
; 4:1                ; 18 bits   ; 36 LEs        ; 36 LEs               ; 0 LEs                  ; No         ; |jarianISA_top|ALU:comb_4|ShiftRight0      ;
; 3:1                ; 8 bits    ; 16 LEs        ; 16 LEs               ; 0 LEs                  ; No         ; |jarianISA_top|ALU:comb_4|ShiftRight0      ;
; 5:1                ; 8 bits    ; 24 LEs        ; 16 LEs               ; 8 LEs                  ; No         ; |jarianISA_top|ALU:comb_4|ShiftRight0      ;
; 5:1                ; 8 bits    ; 24 LEs        ; 24 LEs               ; 0 LEs                  ; No         ; |jarianISA_top|ALU:comb_4|ShiftRight0      ;
; 16:1               ; 16 bits   ; 160 LEs       ; 160 LEs              ; 0 LEs                  ; No         ; |jarianISA_top|ALU:comb_4|Mux24            ;
; 16:1               ; 16 bits   ; 160 LEs       ; 160 LEs              ; 0 LEs                  ; No         ; |jarianISA_top|ALU:comb_4|Mux7             ;
; 16:1               ; 16 bits   ; 160 LEs       ; 160 LEs              ; 0 LEs                  ; No         ; |jarianISA_top|ALU:comb_4|Mux34            ;
; 8:1                ; 8 bits    ; 40 LEs        ; 40 LEs               ; 0 LEs                  ; No         ; |jarianISA_top|ALU:comb_4|ShiftRight0      ;
; 7:1                ; 3 bits    ; 12 LEs        ; 9 LEs                ; 3 LEs                  ; No         ; |jarianISA_top|ALU:comb_4|state            ;
+--------------------+-----------+---------------+----------------------+------------------------+------------+--------------------------------------------+


+----------------------------------------------------------------------------------------------------------+
; Source assignments for ROM:instructionROM|altsyncram:altsyncram_component|altsyncram_ptm1:auto_generated ;
+---------------------------------+--------------------+------+--------------------------------------------+
; Assignment                      ; Value              ; From ; To                                         ;
+---------------------------------+--------------------+------+--------------------------------------------+
; OPTIMIZE_POWER_DURING_SYNTHESIS ; NORMAL_COMPILATION ; -    ; -                                          ;
+---------------------------------+--------------------+------+--------------------------------------------+


+--------------------------------------------------------------+
; Parameter Settings for User Entity Instance: div_by_N:comb_3 ;
+----------------+-------+-------------------------------------+
; Parameter Name ; Value ; Type                                ;
+----------------+-------+-------------------------------------+
; N_BIT          ; 16    ; Signed Integer                      ;
+----------------+-------+-------------------------------------+
Note: In order to hide this table in the UI and the text report file, please set the "Show Parameter Settings in Synthesis Report" option in "Analysis and Synthesis Settings -> More Settings" to "Off".


+-----------------------------------------------------------------------------------------------------------------------------------------------+
; Parameter Settings for User Entity Instance: ROM:instructionROM|altsyncram:altsyncram_component                                               ;
+------------------------------------+-----------------------------------------------------------------------------------------+----------------+
; Parameter Name                     ; Value                                                                                   ; Type           ;
+------------------------------------+-----------------------------------------------------------------------------------------+----------------+
; BYTE_SIZE_BLOCK                    ; 8                                                                                       ; Untyped        ;
; AUTO_CARRY_CHAINS                  ; ON                                                                                      ; AUTO_CARRY     ;
; IGNORE_CARRY_BUFFERS               ; OFF                                                                                     ; IGNORE_CARRY   ;
; AUTO_CASCADE_CHAINS                ; ON                                                                                      ; AUTO_CASCADE   ;
; IGNORE_CASCADE_BUFFERS             ; OFF                                                                                     ; IGNORE_CASCADE ;
; WIDTH_BYTEENA                      ; 1                                                                                       ; Untyped        ;
; OPERATION_MODE                     ; ROM                                                                                     ; Untyped        ;
; WIDTH_A                            ; 16                                                                                      ; Signed Integer ;
; WIDTHAD_A                          ; 9                                                                                       ; Signed Integer ;
; NUMWORDS_A                         ; 512                                                                                     ; Signed Integer ;
; OUTDATA_REG_A                      ; UNREGISTERED                                                                            ; Untyped        ;
; ADDRESS_ACLR_A                     ; NONE                                                                                    ; Untyped        ;
; OUTDATA_ACLR_A                     ; NONE                                                                                    ; Untyped        ;
; WRCONTROL_ACLR_A                   ; NONE                                                                                    ; Untyped        ;
; INDATA_ACLR_A                      ; NONE                                                                                    ; Untyped        ;
; BYTEENA_ACLR_A                     ; NONE                                                                                    ; Untyped        ;
; WIDTH_B                            ; 1                                                                                       ; Untyped        ;
; WIDTHAD_B                          ; 1                                                                                       ; Untyped        ;
; NUMWORDS_B                         ; 1                                                                                       ; Untyped        ;
; INDATA_REG_B                       ; CLOCK1                                                                                  ; Untyped        ;
; WRCONTROL_WRADDRESS_REG_B          ; CLOCK1                                                                                  ; Untyped        ;
; RDCONTROL_REG_B                    ; CLOCK1                                                                                  ; Untyped        ;
; ADDRESS_REG_B                      ; CLOCK1                                                                                  ; Untyped        ;
; OUTDATA_REG_B                      ; UNREGISTERED                                                                            ; Untyped        ;
; BYTEENA_REG_B                      ; CLOCK1                                                                                  ; Untyped        ;
; INDATA_ACLR_B                      ; NONE                                                                                    ; Untyped        ;
; WRCONTROL_ACLR_B                   ; NONE                                                                                    ; Untyped        ;
; ADDRESS_ACLR_B                     ; NONE                                                                                    ; Untyped        ;
; OUTDATA_ACLR_B                     ; NONE                                                                                    ; Untyped        ;
; RDCONTROL_ACLR_B                   ; NONE                                                                                    ; Untyped        ;
; BYTEENA_ACLR_B                     ; NONE                                                                                    ; Untyped        ;
; WIDTH_BYTEENA_A                    ; 1                                                                                       ; Signed Integer ;
; WIDTH_BYTEENA_B                    ; 1                                                                                       ; Untyped        ;
; RAM_BLOCK_TYPE                     ; AUTO                                                                                    ; Untyped        ;
; BYTE_SIZE                          ; 8                                                                                       ; Untyped        ;
; READ_DURING_WRITE_MODE_MIXED_PORTS ; DONT_CARE                                                                               ; Untyped        ;
; READ_DURING_WRITE_MODE_PORT_A      ; NEW_DATA_NO_NBE_READ                                                                    ; Untyped        ;
; READ_DURING_WRITE_MODE_PORT_B      ; NEW_DATA_NO_NBE_READ                                                                    ; Untyped        ;
; INIT_FILE                          ; ../../../../Desktop/Imperial College/Year 2/JafadrianISA/Jafadrian-ISA/testAssembly.mif ; Untyped        ;
; INIT_FILE_LAYOUT                   ; PORT_A                                                                                  ; Untyped        ;
; MAXIMUM_DEPTH                      ; 0                                                                                       ; Untyped        ;
; CLOCK_ENABLE_INPUT_A               ; BYPASS                                                                                  ; Untyped        ;
; CLOCK_ENABLE_INPUT_B               ; NORMAL                                                                                  ; Untyped        ;
; CLOCK_ENABLE_OUTPUT_A              ; BYPASS                                                                                  ; Untyped        ;
; CLOCK_ENABLE_OUTPUT_B              ; NORMAL                                                                                  ; Untyped        ;
; CLOCK_ENABLE_CORE_A                ; USE_INPUT_CLKEN                                                                         ; Untyped        ;
; CLOCK_ENABLE_CORE_B                ; USE_INPUT_CLKEN                                                                         ; Untyped        ;
; ENABLE_ECC                         ; FALSE                                                                                   ; Untyped        ;
; ECC_PIPELINE_STAGE_ENABLED         ; FALSE                                                                                   ; Untyped        ;
; WIDTH_ECCSTATUS                    ; 3                                                                                       ; Untyped        ;
; DEVICE_FAMILY                      ; Cyclone V                                                                               ; Untyped        ;
; CBXI_PARAMETER                     ; altsyncram_ptm1                                                                         ; Untyped        ;
+------------------------------------+-----------------------------------------------------------------------------------------+----------------+
Note: In order to hide this table in the UI and the text report file, please set the "Show Parameter Settings in Synthesis Report" option in "Analysis and Synthesis Settings -> More Settings" to "Off".


+---------------------------------------------------------+
; Parameter Settings for User Entity Instance: ALU:comb_4 ;
+----------------+-------+--------------------------------+
; Parameter Name ; Value ; Type                           ;
+----------------+-------+--------------------------------+
; LI             ; 0000  ; Unsigned Binary                ;
; IO             ; 0001  ; Unsigned Binary                ;
; ADD            ; 0010  ; Unsigned Binary                ;
; SUB            ; 0011  ; Unsigned Binary                ;
; AND            ; 0100  ; Unsigned Binary                ;
; OR             ; 0101  ; Unsigned Binary                ;
; XOR            ; 0110  ; Unsigned Binary                ;
; SL             ; 0111  ; Unsigned Binary                ;
; SR             ; 1000  ; Unsigned Binary                ;
; SA             ; 1001  ; Unsigned Binary                ;
; BG             ; 1010  ; Unsigned Binary                ;
; BL             ; 1011  ; Unsigned Binary                ;
; BE             ; 1100  ; Unsigned Binary                ;
; RUN            ; 00    ; Unsigned Binary                ;
; HOLD           ; 01    ; Unsigned Binary                ;
; INPUT          ; 10    ; Unsigned Binary                ;
+----------------+-------+--------------------------------+
Note: In order to hide this table in the UI and the text report file, please set the "Show Parameter Settings in Synthesis Report" option in "Analysis and Synthesis Settings -> More Settings" to "Off".


+------------------------------------------------------------------------------------------------+
; altsyncram Parameter Settings by Entity Instance                                               ;
+-------------------------------------------+----------------------------------------------------+
; Name                                      ; Value                                              ;
+-------------------------------------------+----------------------------------------------------+
; Number of entity instances                ; 1                                                  ;
; Entity Instance                           ; ROM:instructionROM|altsyncram:altsyncram_component ;
;     -- OPERATION_MODE                     ; ROM                                                ;
;     -- WIDTH_A                            ; 16                                                 ;
;     -- NUMWORDS_A                         ; 512                                                ;
;     -- OUTDATA_REG_A                      ; UNREGISTERED                                       ;
;     -- WIDTH_B                            ; 1                                                  ;
;     -- NUMWORDS_B                         ; 1                                                  ;
;     -- ADDRESS_REG_B                      ; CLOCK1                                             ;
;     -- OUTDATA_REG_B                      ; UNREGISTERED                                       ;
;     -- RAM_BLOCK_TYPE                     ; AUTO                                               ;
;     -- READ_DURING_WRITE_MODE_MIXED_PORTS ; DONT_CARE                                          ;
+-------------------------------------------+----------------------------------------------------+


+----------------------------------------------------------------------------------------------------------------------------------------------------------------------------------------------------------------+
; Port Connectivity Checks: "ROM:instructionROM"                                                                                                                                                                 ;
+---------+-------+----------+-----------------------------------------------------------------------------------------------------------------------------------------------------------------------------------+
; Port    ; Type  ; Severity ; Details                                                                                                                                                                           ;
+---------+-------+----------+-----------------------------------------------------------------------------------------------------------------------------------------------------------------------------------+
; address ; Input ; Warning  ; Input port expression (16 bits) is wider than the input port (9 bits) it drives.  The 7 most-significant bit(s) in the expression will be dangling if they have no other fanouts. ;
+---------+-------+----------+-----------------------------------------------------------------------------------------------------------------------------------------------------------------------------------+


+-------------------------------------------------------------------------------------------------------------------------------------------------------------------------------------------------------------------+
; Port Connectivity Checks: "div_by_N:comb_3"                                                                                                                                                                       ;
+----------+-------+----------+-------------------------------------------------------------------------------------------------------------------------------------------------------------------------------------+
; Port     ; Type  ; Severity ; Details                                                                                                                                                                             ;
+----------+-------+----------+-------------------------------------------------------------------------------------------------------------------------------------------------------------------------------------+
; enable   ; Input ; Info     ; Stuck at VCC                                                                                                                                                                        ;
; N        ; Input ; Warning  ; Input port expression (32 bits) is wider than the input port (16 bits) it drives.  The 16 most-significant bit(s) in the expression will be dangling if they have no other fanouts. ;
; N[15..4] ; Input ; Info     ; Stuck at GND                                                                                                                                                                        ;
; N[3]     ; Input ; Info     ; Stuck at VCC                                                                                                                                                                        ;
; N[2]     ; Input ; Info     ; Stuck at GND                                                                                                                                                                        ;
; N[1]     ; Input ; Info     ; Stuck at VCC                                                                                                                                                                        ;
; N[0]     ; Input ; Info     ; Stuck at GND                                                                                                                                                                        ;
+----------+-------+----------+-------------------------------------------------------------------------------------------------------------------------------------------------------------------------------------+


+-----------------------------------------------------+
; Post-Synthesis Netlist Statistics for Top Partition ;
+-----------------------+-----------------------------+
; Type                  ; Count                       ;
+-----------------------+-----------------------------+
; arriav_ff             ; 293                         ;
;     ENA               ; 90                          ;
;     ENA SCLR          ; 167                         ;
;     SCLR              ; 30                          ;
;     plain             ; 6                           ;
; arriav_lcell_comb     ; 698                         ;
;     arith             ; 64                          ;
;         1 data inputs ; 32                          ;
;         2 data inputs ; 22                          ;
;         3 data inputs ; 10                          ;
;     extend            ; 17                          ;
;         7 data inputs ; 17                          ;
;     normal            ; 601                         ;
;         1 data inputs ; 4                           ;
;         2 data inputs ; 10                          ;
;         3 data inputs ; 8                           ;
;         4 data inputs ; 111                         ;
;         5 data inputs ; 100                         ;
;         6 data inputs ; 368                         ;
;     shared            ; 16                          ;
;         2 data inputs ; 16                          ;
; boundary_port         ; 53                          ;
; stratixv_ram_block    ; 16                          ;
;                       ;                             ;
; Max LUT depth         ; 7.00                        ;
; Average LUT depth     ; 5.51                        ;
+-----------------------+-----------------------------+


+-------------------------------+
; Elapsed Time Per Partition    ;
+----------------+--------------+
; Partition Name ; Elapsed Time ;
+----------------+--------------+
; Top            ; 00:00:03     ;
+----------------+--------------+


+-------------------------------+
; Analysis & Synthesis Messages ;
+-------------------------------+
Info: *******************************************************************
Info: Running Quartus Prime Analysis & Synthesis
    Info: Version 18.1.0 Build 625 09/12/2018 SJ Lite Edition
    Info: Processing started: Thu Dec 05 01:03:11 2019
Info: Command: quartus_map --read_settings_files=on --write_settings_files=off jarianISA -c jarianISA_top
Warning (18236): Number of processors has not been specified which may cause overloading on shared machines.  Set the global assignment NUM_PARALLEL_PROCESSORS in your QSF to an appropriate value for best performance.
Info (20030): Parallel compilation is enabled and will use 4 of the 4 processors detected
Info (12021): Found 1 design units, including 1 entities, in source file jarianisa_top.v
    Info (12023): Found entity 1: jarianISA_top File: C:/Users/Adrian/OneDrive - Imperial College London/Second Year/Digital Electronics/Jafadrian ISA/jarianISA_top.v Line: 3
Info (12021): Found 1 design units, including 1 entities, in source file alu.v
    Info (12023): Found entity 1: ALU File: C:/Users/Adrian/OneDrive - Imperial College London/Second Year/Digital Electronics/Jafadrian ISA/alu.v Line: 3
Info (12021): Found 1 design units, including 1 entities, in source file rom.v
    Info (12023): Found entity 1: ROM File: C:/Users/Adrian/OneDrive - Imperial College London/Second Year/Digital Electronics/Jafadrian ISA/ROM.v Line: 39
Info (12021): Found 1 design units, including 1 entities, in source file hex_to_7seg.v
    Info (12023): Found entity 1: hex_to_7seg File: C:/Users/Adrian/OneDrive - Imperial College London/Second Year/Digital Electronics/Jafadrian ISA/hex_to_7seg.v Line: 3
Info (12021): Found 1 design units, including 1 entities, in source file div_by_n.v
    Info (12023): Found entity 1: div_by_N File: C:/Users/Adrian/OneDrive - Imperial College London/Second Year/Digital Electronics/Jafadrian ISA/div_by_N.v Line: 1
Critical Warning (10846): Verilog HDL Instantiation warning at jarianISA_top.v(16): instance has no name File: C:/Users/Adrian/OneDrive - Imperial College London/Second Year/Digital Electronics/Jafadrian ISA/jarianISA_top.v Line: 16
Critical Warning (10846): Verilog HDL Instantiation warning at jarianISA_top.v(32): instance has no name File: C:/Users/Adrian/OneDrive - Imperial College London/Second Year/Digital Electronics/Jafadrian ISA/jarianISA_top.v Line: 32
Critical Warning (10846): Verilog HDL Instantiation warning at jarianISA_top.v(34): instance has no name File: C:/Users/Adrian/OneDrive - Imperial College London/Second Year/Digital Electronics/Jafadrian ISA/jarianISA_top.v Line: 34
Critical Warning (10846): Verilog HDL Instantiation warning at jarianISA_top.v(35): instance has no name File: C:/Users/Adrian/OneDrive - Imperial College London/Second Year/Digital Electronics/Jafadrian ISA/jarianISA_top.v Line: 35
Critical Warning (10846): Verilog HDL Instantiation warning at jarianISA_top.v(36): instance has no name File: C:/Users/Adrian/OneDrive - Imperial College London/Second Year/Digital Electronics/Jafadrian ISA/jarianISA_top.v Line: 36
Critical Warning (10846): Verilog HDL Instantiation warning at jarianISA_top.v(37): instance has no name File: C:/Users/Adrian/OneDrive - Imperial College London/Second Year/Digital Electronics/Jafadrian ISA/jarianISA_top.v Line: 37
Info (12127): Elaborating entity "jarianISA_top" for the top level hierarchy
Info (12128): Elaborating entity "div_by_N" for hierarchy "div_by_N:comb_3" File: C:/Users/Adrian/OneDrive - Imperial College London/Second Year/Digital Electronics/Jafadrian ISA/jarianISA_top.v Line: 16
Warning (10230): Verilog HDL assignment warning at div_by_N.v(21): truncated value with size 32 to match size of target (16) File: C:/Users/Adrian/OneDrive - Imperial College London/Second Year/Digital Electronics/Jafadrian ISA/div_by_N.v Line: 21
Info (12128): Elaborating entity "ROM" for hierarchy "ROM:instructionROM" File: C:/Users/Adrian/OneDrive - Imperial College London/Second Year/Digital Electronics/Jafadrian ISA/jarianISA_top.v Line: 22
Info (12128): Elaborating entity "altsyncram" for hierarchy "ROM:instructionROM|altsyncram:altsyncram_component" File: C:/Users/Adrian/OneDrive - Imperial College London/Second Year/Digital Electronics/Jafadrian ISA/ROM.v Line: 81
Info (12130): Elaborated megafunction instantiation "ROM:instructionROM|altsyncram:altsyncram_component" File: C:/Users/Adrian/OneDrive - Imperial College London/Second Year/Digital Electronics/Jafadrian ISA/ROM.v Line: 81
Info (12133): Instantiated megafunction "ROM:instructionROM|altsyncram:altsyncram_component" with the following parameter: File: C:/Users/Adrian/OneDrive - Imperial College London/Second Year/Digital Electronics/Jafadrian ISA/ROM.v Line: 81
    Info (12134): Parameter "address_aclr_a" = "NONE"
    Info (12134): Parameter "clock_enable_input_a" = "BYPASS"
    Info (12134): Parameter "clock_enable_output_a" = "BYPASS"
    Info (12134): Parameter "init_file" = "../../../../Desktop/Imperial College/Year 2/JafadrianISA/Jafadrian-ISA/testAssembly.mif"
    Info (12134): Parameter "intended_device_family" = "Cyclone V"
    Info (12134): Parameter "lpm_hint" = "ENABLE_RUNTIME_MOD=NO"
    Info (12134): Parameter "lpm_type" = "altsyncram"
    Info (12134): Parameter "numwords_a" = "512"
    Info (12134): Parameter "operation_mode" = "ROM"
    Info (12134): Parameter "outdata_aclr_a" = "NONE"
    Info (12134): Parameter "outdata_reg_a" = "UNREGISTERED"
    Info (12134): Parameter "widthad_a" = "9"
    Info (12134): Parameter "width_a" = "16"
    Info (12134): Parameter "width_byteena_a" = "1"
Info (12021): Found 1 design units, including 1 entities, in source file db/altsyncram_ptm1.tdf
    Info (12023): Found entity 1: altsyncram_ptm1 File: C:/Users/Adrian/OneDrive - Imperial College London/Second Year/Digital Electronics/Jafadrian ISA/db/altsyncram_ptm1.tdf Line: 27
Info (12128): Elaborating entity "altsyncram_ptm1" for hierarchy "ROM:instructionROM|altsyncram:altsyncram_component|altsyncram_ptm1:auto_generated" File: c:/intelfpga_lite/18.1/quartus/libraries/megafunctions/altsyncram.tdf Line: 791
Warning (113028): 503 out of 512 addresses are uninitialized. The Quartus Prime software will initialize them to "0". There are 1 warnings found, and 1 warnings are reported. File: C:/Users/Adrian/Desktop/Imperial College/Year 2/JafadrianISA/Jafadrian-ISA/testAssembly.mif Line: 1
    Warning (113027): Addresses ranging from 9 to 511 are not initialized File: C:/Users/Adrian/Desktop/Imperial College/Year 2/JafadrianISA/Jafadrian-ISA/testAssembly.mif Line: 1
Info (12128): Elaborating entity "ALU" for hierarchy "ALU:comb_4" File: C:/Users/Adrian/OneDrive - Imperial College London/Second Year/Digital Electronics/Jafadrian ISA/jarianISA_top.v Line: 32
Warning (10855): Verilog HDL warning at alu.v(28): initial value for variable reg_file should be constant File: C:/Users/Adrian/OneDrive - Imperial College London/Second Year/Digital Electronics/Jafadrian ISA/alu.v Line: 28
Info (12128): Elaborating entity "hex_to_7seg" for hierarchy "hex_to_7seg:comb_7" File: C:/Users/Adrian/OneDrive - Imperial College London/Second Year/Digital Electronics/Jafadrian ISA/jarianISA_top.v Line: 34
Warning (12241): 2 hierarchies have connectivity warnings - see the Connectivity Checks report folder
Info (286030): Timing-Driven Synthesis is running
Info (144001): Generated suppressed messages file C:/Users/Adrian/OneDrive - Imperial College London/Second Year/Digital Electronics/Jafadrian ISA/output_files/jarianISA_top.map.smsg
Info (16010): Generating hard_block partition "hard_block:auto_generated_inst"
    Info (16011): Adding 0 node(s), including 0 DDIO, 0 PLL, 0 transceiver and 0 LCELL
Warning (21074): Design contains 2 input pin(s) that do not drive logic
    Warning (15610): No output dependent on input pin "KEY[1]" File: C:/Users/Adrian/OneDrive - Imperial College London/Second Year/Digital Electronics/Jafadrian ISA/jarianISA_top.v Line: 6
    Warning (15610): No output dependent on input pin "KEY[2]" File: C:/Users/Adrian/OneDrive - Imperial College London/Second Year/Digital Electronics/Jafadrian ISA/jarianISA_top.v Line: 6
Info (21057): Implemented 1005 device resources after synthesis - the final resource count might be different
    Info (21058): Implemented 15 input pins
    Info (21059): Implemented 38 output pins
    Info (21061): Implemented 936 logic cells
    Info (21064): Implemented 16 RAM segments
Info: Quartus Prime Analysis & Synthesis was successful. 0 errors, 15 warnings
    Info: Peak virtual memory: 4824 megabytes
    Info: Processing ended: Thu Dec 05 01:03:27 2019
    Info: Elapsed time: 00:00:16
    Info: Total CPU time (on all processors): 00:00:29


+------------------------------------------+
; Analysis & Synthesis Suppressed Messages ;
+------------------------------------------+
The suppressed messages can be found in C:/Users/Adrian/OneDrive - Imperial College London/Second Year/Digital Electronics/Jafadrian ISA/output_files/jarianISA_top.map.smsg.


